[2.158s] DEBUG:colcon:Command line arguments: ['/usr/bin/colcon', 'build']
[2.158s] DEBUG:colcon:Parsed command line arguments: Namespace(allow_overriding=[], ament_cmake_args=None, base_paths=['.'], build_base='build', catkin_cmake_args=None, catkin_skip_building_tests=False, cmake_args=None, cmake_clean_cache=False, cmake_clean_first=False, cmake_force_configure=False, cmake_target=None, cmake_target_skip_unavailable=False, continue_on_error=False, event_handlers=None, executor='parallel', ignore_user_meta=False, install_base='install', log_base=None, log_level=None, main=<bound method BuildVerb.main of <colcon_core.verb.build.BuildVerb object at 0x7f88ec3176d0>>, merge_install=False, metas=['./colcon.meta'], packages_above=None, packages_above_and_dependencies=None, packages_above_depth=None, packages_end=None, packages_ignore=None, packages_ignore_regex=None, packages_select=None, packages_select_build_failed=False, packages_select_by_dep=None, packages_select_regex=None, packages_select_test_failures=False, packages_skip=None, packages_skip_build_finished=False, packages_skip_by_dep=None, packages_skip_regex=None, packages_skip_test_passed=False, packages_skip_up_to=None, packages_start=None, packages_up_to=None, packages_up_to_regex=None, parallel_workers=16, paths=None, symlink_install=False, test_result_base=None, verb_extension=<colcon_core.verb.build.BuildVerb object at 0x7f88ec3176d0>, verb_name='build', verb_parser=<colcon_defaults.argument_parser.defaults.DefaultArgumentsDecorator object at 0x7f88ebfa0df0>)
[2.231s] Level 1:colcon.colcon_core.package_discovery:discover_packages(colcon_meta) check parameters
[2.231s] Level 1:colcon.colcon_core.package_discovery:discover_packages(recursive) check parameters
[2.231s] Level 1:colcon.colcon_core.package_discovery:discover_packages(ignore) check parameters
[2.231s] Level 1:colcon.colcon_core.package_discovery:discover_packages(path) check parameters
[2.231s] Level 1:colcon.colcon_core.package_discovery:discover_packages(colcon_meta) discover
[2.231s] Level 1:colcon.colcon_core.package_discovery:discover_packages(recursive) discover
[2.231s] INFO:colcon.colcon_core.package_discovery:Crawling recursively for packages in '/home/doughnut/code/BamthrivingVision_ROS_framework'
[2.231s] Level 1:colcon.colcon_core.package_identification:_identify(.) by extensions ['ignore', 'ignore_ament_install']
[2.231s] Level 1:colcon.colcon_core.package_identification:_identify(.) by extension 'ignore'
[2.231s] Level 1:colcon.colcon_core.package_identification:_identify(.) by extension 'ignore_ament_install'
[2.231s] Level 1:colcon.colcon_core.package_identification:_identify(.) by extensions ['colcon_pkg']
[2.231s] Level 1:colcon.colcon_core.package_identification:_identify(.) by extension 'colcon_pkg'
[2.231s] Level 1:colcon.colcon_core.package_identification:_identify(.) by extensions ['colcon_meta']
[2.231s] Level 1:colcon.colcon_core.package_identification:_identify(.) by extension 'colcon_meta'
[2.231s] Level 1:colcon.colcon_core.package_identification:_identify(.) by extensions ['ros']
[2.231s] Level 1:colcon.colcon_core.package_identification:_identify(.) by extension 'ros'
[2.255s] Level 1:colcon.colcon_core.package_identification:_identify(.) by extensions ['cmake', 'python']
[2.255s] Level 1:colcon.colcon_core.package_identification:_identify(.) by extension 'cmake'
[2.255s] Level 1:colcon.colcon_core.package_identification:_identify(.) by extension 'python'
[2.255s] Level 1:colcon.colcon_core.package_identification:_identify(.) by extensions ['python_setup_py']
[2.255s] Level 1:colcon.colcon_core.package_identification:_identify(.) by extension 'python_setup_py'
[2.255s] Level 1:colcon.colcon_core.package_identification:_identify(build) by extensions ['ignore', 'ignore_ament_install']
[2.255s] Level 1:colcon.colcon_core.package_identification:_identify(build) by extension 'ignore'
[2.255s] Level 1:colcon.colcon_core.package_identification:_identify(build) ignored
[2.255s] Level 1:colcon.colcon_core.package_identification:_identify(doc) by extensions ['ignore', 'ignore_ament_install']
[2.255s] Level 1:colcon.colcon_core.package_identification:_identify(doc) by extension 'ignore'
[2.255s] Level 1:colcon.colcon_core.package_identification:_identify(doc) by extension 'ignore_ament_install'
[2.255s] Level 1:colcon.colcon_core.package_identification:_identify(doc) by extensions ['colcon_pkg']
[2.255s] Level 1:colcon.colcon_core.package_identification:_identify(doc) by extension 'colcon_pkg'
[2.255s] Level 1:colcon.colcon_core.package_identification:_identify(doc) by extensions ['colcon_meta']
[2.255s] Level 1:colcon.colcon_core.package_identification:_identify(doc) by extension 'colcon_meta'
[2.255s] Level 1:colcon.colcon_core.package_identification:_identify(doc) by extensions ['ros']
[2.255s] Level 1:colcon.colcon_core.package_identification:_identify(doc) by extension 'ros'
[2.256s] Level 1:colcon.colcon_core.package_identification:_identify(doc) by extensions ['cmake', 'python']
[2.256s] Level 1:colcon.colcon_core.package_identification:_identify(doc) by extension 'cmake'
[2.256s] Level 1:colcon.colcon_core.package_identification:_identify(doc) by extension 'python'
[2.256s] Level 1:colcon.colcon_core.package_identification:_identify(doc) by extensions ['python_setup_py']
[2.256s] Level 1:colcon.colcon_core.package_identification:_identify(doc) by extension 'python_setup_py'
[2.256s] Level 1:colcon.colcon_core.package_identification:_identify(install) by extensions ['ignore', 'ignore_ament_install']
[2.256s] Level 1:colcon.colcon_core.package_identification:_identify(install) by extension 'ignore'
[2.256s] Level 1:colcon.colcon_core.package_identification:_identify(install) ignored
[2.256s] Level 1:colcon.colcon_core.package_identification:_identify(log) by extensions ['ignore', 'ignore_ament_install']
[2.256s] Level 1:colcon.colcon_core.package_identification:_identify(log) by extension 'ignore'
[2.256s] Level 1:colcon.colcon_core.package_identification:_identify(log) ignored
[2.256s] Level 1:colcon.colcon_core.package_identification:_identify(src) by extensions ['ignore', 'ignore_ament_install']
[2.256s] Level 1:colcon.colcon_core.package_identification:_identify(src) by extension 'ignore'
[2.256s] Level 1:colcon.colcon_core.package_identification:_identify(src) by extension 'ignore_ament_install'
[2.256s] Level 1:colcon.colcon_core.package_identification:_identify(src) by extensions ['colcon_pkg']
[2.256s] Level 1:colcon.colcon_core.package_identification:_identify(src) by extension 'colcon_pkg'
[2.256s] Level 1:colcon.colcon_core.package_identification:_identify(src) by extensions ['colcon_meta']
[2.256s] Level 1:colcon.colcon_core.package_identification:_identify(src) by extension 'colcon_meta'
[2.256s] Level 1:colcon.colcon_core.package_identification:_identify(src) by extensions ['ros']
[2.256s] Level 1:colcon.colcon_core.package_identification:_identify(src) by extension 'ros'
[2.256s] Level 1:colcon.colcon_core.package_identification:_identify(src) by extensions ['cmake', 'python']
[2.256s] Level 1:colcon.colcon_core.package_identification:_identify(src) by extension 'cmake'
[2.257s] Level 1:colcon.colcon_core.package_identification:_identify(src) by extension 'python'
[2.257s] Level 1:colcon.colcon_core.package_identification:_identify(src) by extensions ['python_setup_py']
[2.257s] Level 1:colcon.colcon_core.package_identification:_identify(src) by extension 'python_setup_py'
[2.257s] Level 1:colcon.colcon_core.package_identification:_identify(src/camera_driver) by extensions ['ignore', 'ignore_ament_install']
[2.257s] Level 1:colcon.colcon_core.package_identification:_identify(src/camera_driver) by extension 'ignore'
[2.257s] Level 1:colcon.colcon_core.package_identification:_identify(src/camera_driver) by extension 'ignore_ament_install'
[2.257s] Level 1:colcon.colcon_core.package_identification:_identify(src/camera_driver) by extensions ['colcon_pkg']
[2.257s] Level 1:colcon.colcon_core.package_identification:_identify(src/camera_driver) by extension 'colcon_pkg'
[2.257s] Level 1:colcon.colcon_core.package_identification:_identify(src/camera_driver) by extensions ['colcon_meta']
[2.257s] Level 1:colcon.colcon_core.package_identification:_identify(src/camera_driver) by extension 'colcon_meta'
[2.257s] Level 1:colcon.colcon_core.package_identification:_identify(src/camera_driver) by extensions ['ros']
[2.257s] Level 1:colcon.colcon_core.package_identification:_identify(src/camera_driver) by extension 'ros'
[2.259s] DEBUG:colcon.colcon_core.package_identification:Package 'src/camera_driver' with type 'ros.ament_cmake' and name 'camera_driver'
[2.259s] Level 1:colcon.colcon_core.package_identification:_identify(src/config) by extensions ['ignore', 'ignore_ament_install']
[2.259s] Level 1:colcon.colcon_core.package_identification:_identify(src/config) by extension 'ignore'
[2.259s] Level 1:colcon.colcon_core.package_identification:_identify(src/config) by extension 'ignore_ament_install'
[2.259s] Level 1:colcon.colcon_core.package_identification:_identify(src/config) by extensions ['colcon_pkg']
[2.259s] Level 1:colcon.colcon_core.package_identification:_identify(src/config) by extension 'colcon_pkg'
[2.259s] Level 1:colcon.colcon_core.package_identification:_identify(src/config) by extensions ['colcon_meta']
[2.259s] Level 1:colcon.colcon_core.package_identification:_identify(src/config) by extension 'colcon_meta'
[2.259s] Level 1:colcon.colcon_core.package_identification:_identify(src/config) by extensions ['ros']
[2.259s] Level 1:colcon.colcon_core.package_identification:_identify(src/config) by extension 'ros'
[2.260s] DEBUG:colcon.colcon_core.package_identification:Package 'src/config' with type 'ros.ament_cmake' and name 'config'
[2.260s] Level 1:colcon.colcon_core.package_identification:_identify(src/serial) by extensions ['ignore', 'ignore_ament_install']
[2.260s] Level 1:colcon.colcon_core.package_identification:_identify(src/serial) by extension 'ignore'
[2.260s] Level 1:colcon.colcon_core.package_identification:_identify(src/serial) by extension 'ignore_ament_install'
[2.260s] Level 1:colcon.colcon_core.package_identification:_identify(src/serial) by extensions ['colcon_pkg']
[2.260s] Level 1:colcon.colcon_core.package_identification:_identify(src/serial) by extension 'colcon_pkg'
[2.260s] Level 1:colcon.colcon_core.package_identification:_identify(src/serial) by extensions ['colcon_meta']
[2.260s] Level 1:colcon.colcon_core.package_identification:_identify(src/serial) by extension 'colcon_meta'
[2.260s] Level 1:colcon.colcon_core.package_identification:_identify(src/serial) by extensions ['ros']
[2.260s] Level 1:colcon.colcon_core.package_identification:_identify(src/serial) by extension 'ros'
[2.260s] DEBUG:colcon.colcon_core.package_identification:Package 'src/serial' with type 'ros.ament_cmake' and name 'serial'
[2.260s] Level 1:colcon.colcon_core.package_discovery:discover_packages(recursive) using defaults
[2.261s] Level 1:colcon.colcon_core.package_discovery:discover_packages(ignore) discover
[2.261s] Level 1:colcon.colcon_core.package_discovery:discover_packages(ignore) using defaults
[2.261s] Level 1:colcon.colcon_core.package_discovery:discover_packages(path) discover
[2.261s] Level 1:colcon.colcon_core.package_discovery:discover_packages(path) using defaults
[2.320s] Level 1:colcon.colcon_core.package_discovery:discover_packages(prefix_path) check parameters
[2.320s] Level 1:colcon.colcon_core.package_discovery:discover_packages(prefix_path) discover
[2.341s] DEBUG:colcon.colcon_installed_package_information.package_discovery:Found 0 installed packages in /home/doughnut/code/BamthrivingVision_ROS_framework/install
[2.350s] DEBUG:colcon.colcon_installed_package_information.package_discovery:Found 371 installed packages in /opt/ros/foxy
[2.352s] Level 1:colcon.colcon_core.package_discovery:discover_packages(prefix_path) using defaults
[2.457s] Level 5:colcon.colcon_core.verb:set package 'camera_driver' build argument 'cmake_args' from command line to 'None'
[2.457s] Level 5:colcon.colcon_core.verb:set package 'camera_driver' build argument 'cmake_target' from command line to 'None'
[2.457s] Level 5:colcon.colcon_core.verb:set package 'camera_driver' build argument 'cmake_target_skip_unavailable' from command line to 'False'
[2.457s] Level 5:colcon.colcon_core.verb:set package 'camera_driver' build argument 'cmake_clean_cache' from command line to 'False'
[2.457s] Level 5:colcon.colcon_core.verb:set package 'camera_driver' build argument 'cmake_clean_first' from command line to 'False'
[2.457s] Level 5:colcon.colcon_core.verb:set package 'camera_driver' build argument 'cmake_force_configure' from command line to 'False'
[2.457s] Level 5:colcon.colcon_core.verb:set package 'camera_driver' build argument 'ament_cmake_args' from command line to 'None'
[2.457s] Level 5:colcon.colcon_core.verb:set package 'camera_driver' build argument 'catkin_cmake_args' from command line to 'None'
[2.457s] Level 5:colcon.colcon_core.verb:set package 'camera_driver' build argument 'catkin_skip_building_tests' from command line to 'False'
[2.457s] DEBUG:colcon.colcon_core.verb:Building package 'camera_driver' with the following arguments: {'ament_cmake_args': None, 'build_base': '/home/doughnut/code/BamthrivingVision_ROS_framework/build/camera_driver', 'catkin_cmake_args': None, 'catkin_skip_building_tests': False, 'cmake_args': None, 'cmake_clean_cache': False, 'cmake_clean_first': False, 'cmake_force_configure': False, 'cmake_target': None, 'cmake_target_skip_unavailable': False, 'install_base': '/home/doughnut/code/BamthrivingVision_ROS_framework/install/camera_driver', 'merge_install': False, 'path': '/home/doughnut/code/BamthrivingVision_ROS_framework/src/camera_driver', 'symlink_install': False, 'test_result_base': None}
[2.465s] Level 5:colcon.colcon_core.verb:set package 'config' build argument 'cmake_args' from command line to 'None'
[2.465s] Level 5:colcon.colcon_core.verb:set package 'config' build argument 'cmake_target' from command line to 'None'
[2.465s] Level 5:colcon.colcon_core.verb:set package 'config' build argument 'cmake_target_skip_unavailable' from command line to 'False'
[2.465s] Level 5:colcon.colcon_core.verb:set package 'config' build argument 'cmake_clean_cache' from command line to 'False'
[2.465s] Level 5:colcon.colcon_core.verb:set package 'config' build argument 'cmake_clean_first' from command line to 'False'
[2.465s] Level 5:colcon.colcon_core.verb:set package 'config' build argument 'cmake_force_configure' from command line to 'False'
[2.466s] Level 5:colcon.colcon_core.verb:set package 'config' build argument 'ament_cmake_args' from command line to 'None'
[2.466s] Level 5:colcon.colcon_core.verb:set package 'config' build argument 'catkin_cmake_args' from command line to 'None'
[2.466s] Level 5:colcon.colcon_core.verb:set package 'config' build argument 'catkin_skip_building_tests' from command line to 'False'
[2.466s] DEBUG:colcon.colcon_core.verb:Building package 'config' with the following arguments: {'ament_cmake_args': None, 'build_base': '/home/doughnut/code/BamthrivingVision_ROS_framework/build/config', 'catkin_cmake_args': None, 'catkin_skip_building_tests': False, 'cmake_args': None, 'cmake_clean_cache': False, 'cmake_clean_first': False, 'cmake_force_configure': False, 'cmake_target': None, 'cmake_target_skip_unavailable': False, 'install_base': '/home/doughnut/code/BamthrivingVision_ROS_framework/install/config', 'merge_install': False, 'path': '/home/doughnut/code/BamthrivingVision_ROS_framework/src/config', 'symlink_install': False, 'test_result_base': None}
[2.473s] Level 5:colcon.colcon_core.verb:set package 'serial' build argument 'cmake_args' from command line to 'None'
[2.473s] Level 5:colcon.colcon_core.verb:set package 'serial' build argument 'cmake_target' from command line to 'None'
[2.473s] Level 5:colcon.colcon_core.verb:set package 'serial' build argument 'cmake_target_skip_unavailable' from command line to 'False'
[2.473s] Level 5:colcon.colcon_core.verb:set package 'serial' build argument 'cmake_clean_cache' from command line to 'False'
[2.473s] Level 5:colcon.colcon_core.verb:set package 'serial' build argument 'cmake_clean_first' from command line to 'False'
[2.473s] Level 5:colcon.colcon_core.verb:set package 'serial' build argument 'cmake_force_configure' from command line to 'False'
[2.473s] Level 5:colcon.colcon_core.verb:set package 'serial' build argument 'ament_cmake_args' from command line to 'None'
[2.474s] Level 5:colcon.colcon_core.verb:set package 'serial' build argument 'catkin_cmake_args' from command line to 'None'
[2.474s] Level 5:colcon.colcon_core.verb:set package 'serial' build argument 'catkin_skip_building_tests' from command line to 'False'
[2.474s] DEBUG:colcon.colcon_core.verb:Building package 'serial' with the following arguments: {'ament_cmake_args': None, 'build_base': '/home/doughnut/code/BamthrivingVision_ROS_framework/build/serial', 'catkin_cmake_args': None, 'catkin_skip_building_tests': False, 'cmake_args': None, 'cmake_clean_cache': False, 'cmake_clean_first': False, 'cmake_force_configure': False, 'cmake_target': None, 'cmake_target_skip_unavailable': False, 'install_base': '/home/doughnut/code/BamthrivingVision_ROS_framework/install/serial', 'merge_install': False, 'path': '/home/doughnut/code/BamthrivingVision_ROS_framework/src/serial', 'symlink_install': False, 'test_result_base': None}
[2.481s] INFO:colcon.colcon_core.executor:Executing jobs using 'parallel' executor
[2.490s] DEBUG:colcon.colcon_parallel_executor.executor.parallel:run_until_complete
[2.490s] INFO:colcon.colcon_ros.task.ament_cmake.build:Building ROS package in '/home/doughnut/code/BamthrivingVision_ROS_framework/src/camera_driver' with build type 'ament_cmake'
[2.490s] INFO:colcon.colcon_cmake.task.cmake.build:Building CMake package in '/home/doughnut/code/BamthrivingVision_ROS_framework/src/camera_driver'
[2.501s] INFO:colcon.colcon_core.plugin_system:Skipping extension 'colcon_core.shell.bat': Not used on non-Windows systems
[2.501s] INFO:colcon.colcon_core.shell:Skip shell extension 'powershell' for command environment: Not usable outside of PowerShell
[2.501s] DEBUG:colcon.colcon_core.shell:Skip shell extension 'dsv' for command environment
[2.531s] INFO:colcon.colcon_ros.task.ament_cmake.build:Building ROS package in '/home/doughnut/code/BamthrivingVision_ROS_framework/src/config' with build type 'ament_cmake'
[2.531s] INFO:colcon.colcon_cmake.task.cmake.build:Building CMake package in '/home/doughnut/code/BamthrivingVision_ROS_framework/src/config'
[2.541s] INFO:colcon.colcon_core.shell:Skip shell extension 'powershell' for command environment: Not usable outside of PowerShell
[2.541s] DEBUG:colcon.colcon_core.shell:Skip shell extension 'dsv' for command environment
[2.569s] INFO:colcon.colcon_ros.task.ament_cmake.build:Building ROS package in '/home/doughnut/code/BamthrivingVision_ROS_framework/src/serial' with build type 'ament_cmake'
[2.569s] INFO:colcon.colcon_cmake.task.cmake.build:Building CMake package in '/home/doughnut/code/BamthrivingVision_ROS_framework/src/serial'
[2.581s] INFO:colcon.colcon_core.shell:Skip shell extension 'powershell' for command environment: Not usable outside of PowerShell
[2.581s] DEBUG:colcon.colcon_core.shell:Skip shell extension 'dsv' for command environment
[2.626s] DEBUG:colcon.colcon_core.event_handler.log_command:Invoking command in '/home/doughnut/code/BamthrivingVision_ROS_framework/build/camera_driver': CMAKE_PREFIX_PATH=/opt/ros/foxy /usr/local/bin/cmake /home/doughnut/code/BamthrivingVision_ROS_framework/src/camera_driver -DCMAKE_INSTALL_PREFIX=/home/doughnut/code/BamthrivingVision_ROS_framework/install/camera_driver
[2.630s] DEBUG:colcon.colcon_core.event_handler.log_command:Invoking command in '/home/doughnut/code/BamthrivingVision_ROS_framework/build/config': CMAKE_PREFIX_PATH=/opt/ros/foxy /usr/local/bin/cmake /home/doughnut/code/BamthrivingVision_ROS_framework/src/config -DCMAKE_INSTALL_PREFIX=/home/doughnut/code/BamthrivingVision_ROS_framework/install/config
[2.638s] DEBUG:colcon.colcon_core.event_handler.log_command:Invoking command in '/home/doughnut/code/BamthrivingVision_ROS_framework/build/serial': CMAKE_PREFIX_PATH=/opt/ros/foxy /usr/local/bin/cmake /home/doughnut/code/BamthrivingVision_ROS_framework/src/serial -DCMAKE_INSTALL_PREFIX=/home/doughnut/code/BamthrivingVision_ROS_framework/install/serial
[3.547s] DEBUG:colcon.colcon_core.event_handler.log_command:Invoked command in '/home/doughnut/code/BamthrivingVision_ROS_framework/build/serial' returned '0': CMAKE_PREFIX_PATH=/opt/ros/foxy /usr/local/bin/cmake /home/doughnut/code/BamthrivingVision_ROS_framework/src/serial -DCMAKE_INSTALL_PREFIX=/home/doughnut/code/BamthrivingVision_ROS_framework/install/serial
[3.551s] DEBUG:colcon.colcon_core.event_handler.log_command:Invoking command in '/home/doughnut/code/BamthrivingVision_ROS_framework/build/serial': CMAKE_PREFIX_PATH=/opt/ros/foxy /usr/local/bin/cmake --build /home/doughnut/code/BamthrivingVision_ROS_framework/build/serial -- -j16 -l16
[3.552s] DEBUG:colcon.colcon_core.event_handler.log_command:Invoked command in '/home/doughnut/code/BamthrivingVision_ROS_framework/build/config' returned '0': CMAKE_PREFIX_PATH=/opt/ros/foxy /usr/local/bin/cmake /home/doughnut/code/BamthrivingVision_ROS_framework/src/config -DCMAKE_INSTALL_PREFIX=/home/doughnut/code/BamthrivingVision_ROS_framework/install/config
[3.556s] DEBUG:colcon.colcon_core.event_handler.log_command:Invoking command in '/home/doughnut/code/BamthrivingVision_ROS_framework/build/config': CMAKE_PREFIX_PATH=/opt/ros/foxy /usr/local/bin/cmake --build /home/doughnut/code/BamthrivingVision_ROS_framework/build/config -- -j16 -l16
[3.560s] DEBUG:colcon.colcon_core.event_handler.log_command:Invoked command in '/home/doughnut/code/BamthrivingVision_ROS_framework/build/camera_driver' returned '0': CMAKE_PREFIX_PATH=/opt/ros/foxy /usr/local/bin/cmake /home/doughnut/code/BamthrivingVision_ROS_framework/src/camera_driver -DCMAKE_INSTALL_PREFIX=/home/doughnut/code/BamthrivingVision_ROS_framework/install/camera_driver
[3.562s] DEBUG:colcon.colcon_core.event_handler.log_command:Invoking command in '/home/doughnut/code/BamthrivingVision_ROS_framework/build/camera_driver': CMAKE_PREFIX_PATH=/opt/ros/foxy /usr/local/bin/cmake --build /home/doughnut/code/BamthrivingVision_ROS_framework/build/camera_driver -- -j16 -l16
[3.576s] DEBUG:colcon.colcon_core.event_handler.log_command:Invoked command in '/home/doughnut/code/BamthrivingVision_ROS_framework/build/serial' returned '0': CMAKE_PREFIX_PATH=/opt/ros/foxy /usr/local/bin/cmake --build /home/doughnut/code/BamthrivingVision_ROS_framework/build/serial -- -j16 -l16
[3.582s] DEBUG:colcon.colcon_core.event_handler.log_command:Invoked command in '/home/doughnut/code/BamthrivingVision_ROS_framework/build/config' returned '0': CMAKE_PREFIX_PATH=/opt/ros/foxy /usr/local/bin/cmake --build /home/doughnut/code/BamthrivingVision_ROS_framework/build/config -- -j16 -l16
[3.587s] DEBUG:colcon.colcon_core.event_handler.log_command:Invoked command in '/home/doughnut/code/BamthrivingVision_ROS_framework/build/camera_driver' returned '0': CMAKE_PREFIX_PATH=/opt/ros/foxy /usr/local/bin/cmake --build /home/doughnut/code/BamthrivingVision_ROS_framework/build/camera_driver -- -j16 -l16
[3.605s] DEBUG:colcon.colcon_core.event_handler.log_command:Invoking command in '/home/doughnut/code/BamthrivingVision_ROS_framework/build/serial': CMAKE_PREFIX_PATH=/opt/ros/foxy /usr/local/bin/cmake --install /home/doughnut/code/BamthrivingVision_ROS_framework/build/serial
[3.611s] DEBUG:colcon.colcon_core.event_handler.log_command:Invoking command in '/home/doughnut/code/BamthrivingVision_ROS_framework/build/config': CMAKE_PREFIX_PATH=/opt/ros/foxy /usr/local/bin/cmake --install /home/doughnut/code/BamthrivingVision_ROS_framework/build/config
[3.616s] DEBUG:colcon.colcon_core.event_handler.log_command:Invoking command in '/home/doughnut/code/BamthrivingVision_ROS_framework/build/camera_driver': CMAKE_PREFIX_PATH=/opt/ros/foxy /usr/local/bin/cmake --install /home/doughnut/code/BamthrivingVision_ROS_framework/build/camera_driver
[3.617s] Level 1:colcon.colcon_core.environment:create_environment_scripts_only(serial)
[3.618s] DEBUG:colcon.colcon_core.event_handler.log_command:Invoked command in '/home/doughnut/code/BamthrivingVision_ROS_framework/build/serial' returned '0': CMAKE_PREFIX_PATH=/opt/ros/foxy /usr/local/bin/cmake --install /home/doughnut/code/BamthrivingVision_ROS_framework/build/serial
[3.637s] Level 1:colcon.colcon_core.environment:checking '/home/doughnut/code/BamthrivingVision_ROS_framework/install/serial' for CMake module files
[3.637s] Level 1:colcon.colcon_core.environment:checking '/home/doughnut/code/BamthrivingVision_ROS_framework/install/serial' for CMake config files
[3.637s] Level 1:colcon.colcon_core.shell:create_environment_hook('serial', 'cmake_prefix_path')
[3.645s] INFO:colcon.colcon_core.shell:Creating environment hook '/home/doughnut/code/BamthrivingVision_ROS_framework/install/serial/share/serial/hook/cmake_prefix_path.ps1'
[3.646s] INFO:colcon.colcon_core.shell:Creating environment descriptor '/home/doughnut/code/BamthrivingVision_ROS_framework/install/serial/share/serial/hook/cmake_prefix_path.dsv'
[3.647s] INFO:colcon.colcon_core.shell:Creating environment hook '/home/doughnut/code/BamthrivingVision_ROS_framework/install/serial/share/serial/hook/cmake_prefix_path.sh'
[3.647s] Level 1:colcon.colcon_core.environment:checking '/home/doughnut/code/BamthrivingVision_ROS_framework/install/serial/bin'
[3.647s] Level 1:colcon.colcon_core.environment:checking '/home/doughnut/code/BamthrivingVision_ROS_framework/install/serial/lib/pkgconfig/serial.pc'
[3.648s] Level 1:colcon.colcon_core.environment:checking '/home/doughnut/code/BamthrivingVision_ROS_framework/install/serial/lib/python3.8/site-packages'
[3.648s] Level 1:colcon.colcon_core.environment:checking '/home/doughnut/code/BamthrivingVision_ROS_framework/install/serial/bin'
[3.656s] INFO:colcon.colcon_core.shell:Creating package script '/home/doughnut/code/BamthrivingVision_ROS_framework/install/serial/share/serial/package.ps1'
[3.656s] INFO:colcon.colcon_core.shell:Creating package descriptor '/home/doughnut/code/BamthrivingVision_ROS_framework/install/serial/share/serial/package.dsv'
[3.657s] INFO:colcon.colcon_core.shell:Creating package script '/home/doughnut/code/BamthrivingVision_ROS_framework/install/serial/share/serial/package.sh'
[3.658s] INFO:colcon.colcon_core.shell:Creating package script '/home/doughnut/code/BamthrivingVision_ROS_framework/install/serial/share/serial/package.bash'
[3.658s] INFO:colcon.colcon_core.shell:Creating package script '/home/doughnut/code/BamthrivingVision_ROS_framework/install/serial/share/serial/package.zsh'
[3.659s] Level 1:colcon.colcon_core.environment:create_file_with_runtime_dependencies(/home/doughnut/code/BamthrivingVision_ROS_framework/install/serial/share/colcon-core/packages/serial)
[3.663s] Level 1:colcon.colcon_core.environment:create_environment_scripts_only(config)
[3.664s] DEBUG:colcon.colcon_core.event_handler.log_command:Invoked command in '/home/doughnut/code/BamthrivingVision_ROS_framework/build/config' returned '0': CMAKE_PREFIX_PATH=/opt/ros/foxy /usr/local/bin/cmake --install /home/doughnut/code/BamthrivingVision_ROS_framework/build/config
[3.673s] Level 1:colcon.colcon_core.environment:checking '/home/doughnut/code/BamthrivingVision_ROS_framework/install/config' for CMake module files
[3.673s] Level 1:colcon.colcon_core.environment:checking '/home/doughnut/code/BamthrivingVision_ROS_framework/install/config' for CMake config files
[3.673s] Level 1:colcon.colcon_core.shell:create_environment_hook('config', 'cmake_prefix_path')
[3.681s] INFO:colcon.colcon_core.shell:Creating environment hook '/home/doughnut/code/BamthrivingVision_ROS_framework/install/config/share/config/hook/cmake_prefix_path.ps1'
[3.682s] INFO:colcon.colcon_core.shell:Creating environment descriptor '/home/doughnut/code/BamthrivingVision_ROS_framework/install/config/share/config/hook/cmake_prefix_path.dsv'
[3.682s] INFO:colcon.colcon_core.shell:Creating environment hook '/home/doughnut/code/BamthrivingVision_ROS_framework/install/config/share/config/hook/cmake_prefix_path.sh'
[3.682s] Level 1:colcon.colcon_core.environment:checking '/home/doughnut/code/BamthrivingVision_ROS_framework/install/config/bin'
[3.682s] Level 1:colcon.colcon_core.environment:checking '/home/doughnut/code/BamthrivingVision_ROS_framework/install/config/lib/pkgconfig/config.pc'
[3.682s] Level 1:colcon.colcon_core.environment:checking '/home/doughnut/code/BamthrivingVision_ROS_framework/install/config/lib/python3.8/site-packages'
[3.682s] Level 1:colcon.colcon_core.environment:checking '/home/doughnut/code/BamthrivingVision_ROS_framework/install/config/bin'
[3.691s] INFO:colcon.colcon_core.shell:Creating package script '/home/doughnut/code/BamthrivingVision_ROS_framework/install/config/share/config/package.ps1'
[3.691s] INFO:colcon.colcon_core.shell:Creating package descriptor '/home/doughnut/code/BamthrivingVision_ROS_framework/install/config/share/config/package.dsv'
[3.692s] INFO:colcon.colcon_core.shell:Creating package script '/home/doughnut/code/BamthrivingVision_ROS_framework/install/config/share/config/package.sh'
[3.692s] INFO:colcon.colcon_core.shell:Creating package script '/home/doughnut/code/BamthrivingVision_ROS_framework/install/config/share/config/package.bash'
[3.693s] INFO:colcon.colcon_core.shell:Creating package script '/home/doughnut/code/BamthrivingVision_ROS_framework/install/config/share/config/package.zsh'
[3.693s] Level 1:colcon.colcon_core.environment:create_file_with_runtime_dependencies(/home/doughnut/code/BamthrivingVision_ROS_framework/install/config/share/colcon-core/packages/config)
[3.696s] Level 1:colcon.colcon_core.environment:create_environment_scripts_only(camera_driver)
[3.698s] DEBUG:colcon.colcon_core.event_handler.log_command:Invoked command in '/home/doughnut/code/BamthrivingVision_ROS_framework/build/camera_driver' returned '0': CMAKE_PREFIX_PATH=/opt/ros/foxy /usr/local/bin/cmake --install /home/doughnut/code/BamthrivingVision_ROS_framework/build/camera_driver
[3.706s] Level 1:colcon.colcon_core.environment:checking '/home/doughnut/code/BamthrivingVision_ROS_framework/install/camera_driver' for CMake module files
[3.707s] Level 1:colcon.colcon_core.environment:checking '/home/doughnut/code/BamthrivingVision_ROS_framework/install/camera_driver' for CMake config files
[3.707s] Level 1:colcon.colcon_core.shell:create_environment_hook('camera_driver', 'cmake_prefix_path')
[3.715s] INFO:colcon.colcon_core.shell:Creating environment hook '/home/doughnut/code/BamthrivingVision_ROS_framework/install/camera_driver/share/camera_driver/hook/cmake_prefix_path.ps1'
[3.716s] INFO:colcon.colcon_core.shell:Creating environment descriptor '/home/doughnut/code/BamthrivingVision_ROS_framework/install/camera_driver/share/camera_driver/hook/cmake_prefix_path.dsv'
[3.716s] INFO:colcon.colcon_core.shell:Creating environment hook '/home/doughnut/code/BamthrivingVision_ROS_framework/install/camera_driver/share/camera_driver/hook/cmake_prefix_path.sh'
[3.716s] Level 1:colcon.colcon_core.environment:checking '/home/doughnut/code/BamthrivingVision_ROS_framework/install/camera_driver/bin'
[3.716s] Level 1:colcon.colcon_core.environment:checking '/home/doughnut/code/BamthrivingVision_ROS_framework/install/camera_driver/lib/pkgconfig/camera_driver.pc'
[3.716s] Level 1:colcon.colcon_core.environment:checking '/home/doughnut/code/BamthrivingVision_ROS_framework/install/camera_driver/lib/python3.8/site-packages'
[3.717s] Level 1:colcon.colcon_core.environment:checking '/home/doughnut/code/BamthrivingVision_ROS_framework/install/camera_driver/bin'
[3.727s] INFO:colcon.colcon_core.shell:Creating package script '/home/doughnut/code/BamthrivingVision_ROS_framework/install/camera_driver/share/camera_driver/package.ps1'
[3.728s] INFO:colcon.colcon_core.shell:Creating package descriptor '/home/doughnut/code/BamthrivingVision_ROS_framework/install/camera_driver/share/camera_driver/package.dsv'
[3.728s] INFO:colcon.colcon_core.shell:Creating package script '/home/doughnut/code/BamthrivingVision_ROS_framework/install/camera_driver/share/camera_driver/package.sh'
[3.728s] INFO:colcon.colcon_core.shell:Creating package script '/home/doughnut/code/BamthrivingVision_ROS_framework/install/camera_driver/share/camera_driver/package.bash'
[3.729s] INFO:colcon.colcon_core.shell:Creating package script '/home/doughnut/code/BamthrivingVision_ROS_framework/install/camera_driver/share/camera_driver/package.zsh'
[3.729s] Level 1:colcon.colcon_core.environment:create_file_with_runtime_dependencies(/home/doughnut/code/BamthrivingVision_ROS_framework/install/camera_driver/share/colcon-core/packages/camera_driver)
[3.748s] Level 1:colcon.colcon_core.environment:create_environment_scripts_only(serial)
[3.758s] Level 1:colcon.colcon_core.environment:checking '/home/doughnut/code/BamthrivingVision_ROS_framework/install/serial' for CMake module files
[3.758s] Level 1:colcon.colcon_core.environment:checking '/home/doughnut/code/BamthrivingVision_ROS_framework/install/serial' for CMake config files
[3.758s] Level 1:colcon.colcon_core.shell:create_environment_hook('serial', 'cmake_prefix_path')
[3.780s] INFO:colcon.colcon_core.shell:Creating environment hook '/home/doughnut/code/BamthrivingVision_ROS_framework/install/serial/share/serial/hook/cmake_prefix_path.ps1'
[3.781s] INFO:colcon.colcon_core.shell:Creating environment descriptor '/home/doughnut/code/BamthrivingVision_ROS_framework/install/serial/share/serial/hook/cmake_prefix_path.dsv'
[3.781s] INFO:colcon.colcon_core.shell:Creating environment hook '/home/doughnut/code/BamthrivingVision_ROS_framework/install/serial/share/serial/hook/cmake_prefix_path.sh'
[3.781s] Level 1:colcon.colcon_core.environment:checking '/home/doughnut/code/BamthrivingVision_ROS_framework/install/serial/bin'
[3.781s] Level 1:colcon.colcon_core.environment:checking '/home/doughnut/code/BamthrivingVision_ROS_framework/install/serial/lib/pkgconfig/serial.pc'
[3.781s] Level 1:colcon.colcon_core.environment:checking '/home/doughnut/code/BamthrivingVision_ROS_framework/install/serial/lib/python3.8/site-packages'
[3.782s] Level 1:colcon.colcon_core.environment:checking '/home/doughnut/code/BamthrivingVision_ROS_framework/install/serial/bin'
[3.790s] INFO:colcon.colcon_core.shell:Creating package script '/home/doughnut/code/BamthrivingVision_ROS_framework/install/serial/share/serial/package.ps1'
[3.790s] INFO:colcon.colcon_core.shell:Creating package descriptor '/home/doughnut/code/BamthrivingVision_ROS_framework/install/serial/share/serial/package.dsv'
[3.790s] INFO:colcon.colcon_core.shell:Creating package script '/home/doughnut/code/BamthrivingVision_ROS_framework/install/serial/share/serial/package.sh'
[3.791s] INFO:colcon.colcon_core.shell:Creating package script '/home/doughnut/code/BamthrivingVision_ROS_framework/install/serial/share/serial/package.bash'
[3.791s] INFO:colcon.colcon_core.shell:Creating package script '/home/doughnut/code/BamthrivingVision_ROS_framework/install/serial/share/serial/package.zsh'
[3.791s] Level 1:colcon.colcon_core.environment:create_file_with_runtime_dependencies(/home/doughnut/code/BamthrivingVision_ROS_framework/install/serial/share/colcon-core/packages/serial)
[3.801s] Level 1:colcon.colcon_core.environment:create_environment_scripts_only(config)
[3.809s] Level 1:colcon.colcon_core.environment:checking '/home/doughnut/code/BamthrivingVision_ROS_framework/install/config' for CMake module files
[3.809s] Level 1:colcon.colcon_core.environment:checking '/home/doughnut/code/BamthrivingVision_ROS_framework/install/config' for CMake config files
[3.809s] Level 1:colcon.colcon_core.shell:create_environment_hook('config', 'cmake_prefix_path')
[3.817s] INFO:colcon.colcon_core.shell:Creating environment hook '/home/doughnut/code/BamthrivingVision_ROS_framework/install/config/share/config/hook/cmake_prefix_path.ps1'
[3.818s] INFO:colcon.colcon_core.shell:Creating environment descriptor '/home/doughnut/code/BamthrivingVision_ROS_framework/install/config/share/config/hook/cmake_prefix_path.dsv'
[3.818s] INFO:colcon.colcon_core.shell:Creating environment hook '/home/doughnut/code/BamthrivingVision_ROS_framework/install/config/share/config/hook/cmake_prefix_path.sh'
[3.818s] Level 1:colcon.colcon_core.environment:checking '/home/doughnut/code/BamthrivingVision_ROS_framework/install/config/bin'
[3.818s] Level 1:colcon.colcon_core.environment:checking '/home/doughnut/code/BamthrivingVision_ROS_framework/install/config/lib/pkgconfig/config.pc'
[3.818s] Level 1:colcon.colcon_core.environment:checking '/home/doughnut/code/BamthrivingVision_ROS_framework/install/config/lib/python3.8/site-packages'
[3.818s] Level 1:colcon.colcon_core.environment:checking '/home/doughnut/code/BamthrivingVision_ROS_framework/install/config/bin'
[3.827s] INFO:colcon.colcon_core.shell:Creating package script '/home/doughnut/code/BamthrivingVision_ROS_framework/install/config/share/config/package.ps1'
[3.827s] INFO:colcon.colcon_core.shell:Creating package descriptor '/home/doughnut/code/BamthrivingVision_ROS_framework/install/config/share/config/package.dsv'
[3.828s] INFO:colcon.colcon_core.shell:Creating package script '/home/doughnut/code/BamthrivingVision_ROS_framework/install/config/share/config/package.sh'
[3.828s] INFO:colcon.colcon_core.shell:Creating package script '/home/doughnut/code/BamthrivingVision_ROS_framework/install/config/share/config/package.bash'
[3.828s] INFO:colcon.colcon_core.shell:Creating package script '/home/doughnut/code/BamthrivingVision_ROS_framework/install/config/share/config/package.zsh'
[3.829s] Level 1:colcon.colcon_core.environment:create_file_with_runtime_dependencies(/home/doughnut/code/BamthrivingVision_ROS_framework/install/config/share/colcon-core/packages/config)
[3.838s] Level 1:colcon.colcon_core.environment:create_environment_scripts_only(camera_driver)
[3.846s] Level 1:colcon.colcon_core.environment:checking '/home/doughnut/code/BamthrivingVision_ROS_framework/install/camera_driver' for CMake module files
[3.846s] Level 1:colcon.colcon_core.environment:checking '/home/doughnut/code/BamthrivingVision_ROS_framework/install/camera_driver' for CMake config files
[3.846s] Level 1:colcon.colcon_core.shell:create_environment_hook('camera_driver', 'cmake_prefix_path')
[3.857s] INFO:colcon.colcon_core.shell:Creating environment hook '/home/doughnut/code/BamthrivingVision_ROS_framework/install/camera_driver/share/camera_driver/hook/cmake_prefix_path.ps1'
[3.857s] INFO:colcon.colcon_core.shell:Creating environment descriptor '/home/doughnut/code/BamthrivingVision_ROS_framework/install/camera_driver/share/camera_driver/hook/cmake_prefix_path.dsv'
[3.858s] INFO:colcon.colcon_core.shell:Creating environment hook '/home/doughnut/code/BamthrivingVision_ROS_framework/install/camera_driver/share/camera_driver/hook/cmake_prefix_path.sh'
[3.858s] Level 1:colcon.colcon_core.environment:checking '/home/doughnut/code/BamthrivingVision_ROS_framework/install/camera_driver/bin'
[3.858s] Level 1:colcon.colcon_core.environment:checking '/home/doughnut/code/BamthrivingVision_ROS_framework/install/camera_driver/lib/pkgconfig/camera_driver.pc'
[3.858s] Level 1:colcon.colcon_core.environment:checking '/home/doughnut/code/BamthrivingVision_ROS_framework/install/camera_driver/lib/python3.8/site-packages'
[3.858s] Level 1:colcon.colcon_core.environment:checking '/home/doughnut/code/BamthrivingVision_ROS_framework/install/camera_driver/bin'
[3.867s] INFO:colcon.colcon_core.shell:Creating package script '/home/doughnut/code/BamthrivingVision_ROS_framework/install/camera_driver/share/camera_driver/package.ps1'
[3.867s] INFO:colcon.colcon_core.shell:Creating package descriptor '/home/doughnut/code/BamthrivingVision_ROS_framework/install/camera_driver/share/camera_driver/package.dsv'
[3.867s] INFO:colcon.colcon_core.shell:Creating package script '/home/doughnut/code/BamthrivingVision_ROS_framework/install/camera_driver/share/camera_driver/package.sh'
[3.868s] INFO:colcon.colcon_core.shell:Creating package script '/home/doughnut/code/BamthrivingVision_ROS_framework/install/camera_driver/share/camera_driver/package.bash'
[3.868s] INFO:colcon.colcon_core.shell:Creating package script '/home/doughnut/code/BamthrivingVision_ROS_framework/install/camera_driver/share/camera_driver/package.zsh'
[3.868s] Level 1:colcon.colcon_core.environment:create_file_with_runtime_dependencies(/home/doughnut/code/BamthrivingVision_ROS_framework/install/camera_driver/share/colcon-core/packages/camera_driver)
[3.868s] DEBUG:colcon.colcon_parallel_executor.executor.parallel:closing loop
[3.869s] DEBUG:colcon.colcon_parallel_executor.executor.parallel:loop closed
[3.869s] DEBUG:colcon.colcon_parallel_executor.executor.parallel:run_until_complete finished with '0'
[3.869s] DEBUG:colcon.colcon_core.event_reactor:joining thread
[3.887s] INFO:colcon.colcon_core.plugin_system:Skipping extension 'colcon_notification.desktop_notification.terminal_notifier': Not used on non-Darwin systems
[3.887s] INFO:colcon.colcon_core.plugin_system:Skipping extension 'colcon_notification.desktop_notification.win32': Not used on non-Windows systems
[3.887s] INFO:colcon.colcon_notification.desktop_notification:Sending desktop notification using 'notify2'
[3.985s] DEBUG:colcon.colcon_core.event_reactor:joined thread
[4.000s] INFO:colcon.colcon_core.shell:Creating prefix script '/home/doughnut/code/BamthrivingVision_ROS_framework/install/local_setup.ps1'
[4.001s] INFO:colcon.colcon_core.shell:Creating prefix util module '/home/doughnut/code/BamthrivingVision_ROS_framework/install/_local_setup_util_ps1.py'
[4.002s] INFO:colcon.colcon_core.shell:Creating prefix chain script '/home/doughnut/code/BamthrivingVision_ROS_framework/install/setup.ps1'
[4.011s] INFO:colcon.colcon_core.shell:Creating prefix script '/home/doughnut/code/BamthrivingVision_ROS_framework/install/local_setup.sh'
[4.012s] INFO:colcon.colcon_core.shell:Creating prefix util module '/home/doughnut/code/BamthrivingVision_ROS_framework/install/_local_setup_util_sh.py'
[4.012s] INFO:colcon.colcon_core.shell:Creating prefix chain script '/home/doughnut/code/BamthrivingVision_ROS_framework/install/setup.sh'
[4.021s] INFO:colcon.colcon_core.shell:Creating prefix script '/home/doughnut/code/BamthrivingVision_ROS_framework/install/local_setup.bash'
[4.022s] INFO:colcon.colcon_core.shell:Creating prefix chain script '/home/doughnut/code/BamthrivingVision_ROS_framework/install/setup.bash'
[4.031s] INFO:colcon.colcon_core.shell:Creating prefix script '/home/doughnut/code/BamthrivingVision_ROS_framework/install/local_setup.zsh'
[4.032s] INFO:colcon.colcon_core.shell:Creating prefix chain script '/home/doughnut/code/BamthrivingVision_ROS_framework/install/setup.zsh'
