[0.098s] Invoking command in '/home/doughnut/code/BamthrivingVision_ROS_framework/build/config': CMAKE_PREFIX_PATH=/opt/ros/foxy /usr/local/bin/cmake /home/doughnut/code/BamthrivingVision_ROS_framework/src/config -DCMAKE_INSTALL_PREFIX=/home/doughnut/code/BamthrivingVision_ROS_framework/install/config
[0.241s] -- The C compiler identification is GNU 9.4.0
[0.325s] -- The CXX compiler identification is GNU 9.4.0
[0.365s] -- Detecting C compiler ABI info
[0.490s] -- Detecting C compiler ABI info - done
[0.504s] -- Check for working C compiler: /usr/bin/cc - skipped
[0.504s] -- Detecting C compile features
[0.504s] -- Detecting C compile features - done
[0.517s] -- Detecting CXX compiler ABI info
[0.604s] -- Detecting CXX compiler ABI info - done
[0.617s] -- Check for working CXX compiler: /usr/bin/c++ - skipped
[0.618s] -- Detecting CXX compile features
[0.618s] -- Detecting CXX compile features - done
[0.634s] -- Found ament_cmake: 0.9.12 (/opt/ros/foxy/share/ament_cmake/cmake)
[0.668s] [33mCMake Warning (dev) at /opt/ros/foxy/share/ament_cmake_core/cmake/core/python.cmake:22 (find_package):
[0.668s]   Policy CMP0148 is not set: The FindPythonInterp and FindPythonLibs modules
[0.669s]   are removed.  Run "cmake --help-policy CMP0148" for policy details.  Use
[0.669s]   the cmake_policy command to set the policy and suppress this warning.
[0.669s] 
[0.669s] Call Stack (most recent call first):
[0.669s]   /opt/ros/foxy/share/ament_cmake_core/cmake/core/all.cmake:53 (include)
[0.669s]   /opt/ros/foxy/share/ament_cmake_core/cmake/ament_cmake_core-extras.cmake:17 (include)
[0.670s]   /opt/ros/foxy/share/ament_cmake_core/cmake/ament_cmake_coreConfig.cmake:41 (include)
[0.670s]   /opt/ros/foxy/share/ament_cmake/cmake/ament_cmake_export_dependencies-extras.cmake:15 (find_package)
[0.670s]   /opt/ros/foxy/share/ament_cmake/cmake/ament_cmakeConfig.cmake:41 (include)
[0.670s]   CMakeLists.txt:19 (find_package)
[0.670s] This warning is for project developers.  Use -Wno-dev to suppress it.
[0.670s] [0m
[0.690s] -- Found PythonInterp: /usr/bin/python3 (found suitable version "3.8.10", minimum required is "3") 
[0.690s] -- Using PYTHON_EXECUTABLE: /usr/bin/python3
[0.907s] -- Found ament_lint_auto: 0.9.8 (/opt/ros/foxy/share/ament_lint_auto/cmake)
[1.005s] -- Added test 'copyright' to check source files copyright and LICENSE
[1.006s] -- Added test 'lint_cmake' to check CMake code style
[1.007s] -- Added test 'xmllint' to check XML markup files
[1.009s] -- Configuring done (0.9s)
[1.011s] -- Generating done (0.0s)
[1.012s] -- Build files have been written to: /home/doughnut/code/BamthrivingVision_ROS_framework/build/config
[1.021s] Invoked command in '/home/doughnut/code/BamthrivingVision_ROS_framework/build/config' returned '0': CMAKE_PREFIX_PATH=/opt/ros/foxy /usr/local/bin/cmake /home/doughnut/code/BamthrivingVision_ROS_framework/src/config -DCMAKE_INSTALL_PREFIX=/home/doughnut/code/BamthrivingVision_ROS_framework/install/config
[1.024s] Invoking command in '/home/doughnut/code/BamthrivingVision_ROS_framework/build/config': CMAKE_PREFIX_PATH=/opt/ros/foxy /usr/local/bin/cmake --build /home/doughnut/code/BamthrivingVision_ROS_framework/build/config -- -j16 -l16
[1.050s] Invoked command in '/home/doughnut/code/BamthrivingVision_ROS_framework/build/config' returned '0': CMAKE_PREFIX_PATH=/opt/ros/foxy /usr/local/bin/cmake --build /home/doughnut/code/BamthrivingVision_ROS_framework/build/config -- -j16 -l16
[1.079s] Invoking command in '/home/doughnut/code/BamthrivingVision_ROS_framework/build/config': CMAKE_PREFIX_PATH=/opt/ros/foxy /usr/local/bin/cmake --install /home/doughnut/code/BamthrivingVision_ROS_framework/build/config
[1.087s] -- Install configuration: ""
[1.087s] -- Installing: /home/doughnut/code/BamthrivingVision_ROS_framework/install/config/share/ament_index/resource_index/package_run_dependencies/config
[1.087s] -- Installing: /home/doughnut/code/BamthrivingVision_ROS_framework/install/config/share/ament_index/resource_index/parent_prefix_path/config
[1.087s] -- Installing: /home/doughnut/code/BamthrivingVision_ROS_framework/install/config/share/config/environment/ament_prefix_path.sh
[1.087s] -- Installing: /home/doughnut/code/BamthrivingVision_ROS_framework/install/config/share/config/environment/ament_prefix_path.dsv
[1.088s] -- Installing: /home/doughnut/code/BamthrivingVision_ROS_framework/install/config/share/config/environment/path.sh
[1.088s] -- Installing: /home/doughnut/code/BamthrivingVision_ROS_framework/install/config/share/config/environment/path.dsv
[1.088s] -- Installing: /home/doughnut/code/BamthrivingVision_ROS_framework/install/config/share/config/local_setup.bash
[1.088s] -- Installing: /home/doughnut/code/BamthrivingVision_ROS_framework/install/config/share/config/local_setup.sh
[1.088s] -- Installing: /home/doughnut/code/BamthrivingVision_ROS_framework/install/config/share/config/local_setup.zsh
[1.088s] -- Installing: /home/doughnut/code/BamthrivingVision_ROS_framework/install/config/share/config/local_setup.dsv
[1.088s] -- Installing: /home/doughnut/code/BamthrivingVision_ROS_framework/install/config/share/config/package.dsv
[1.088s] -- Installing: /home/doughnut/code/BamthrivingVision_ROS_framework/install/config/share/ament_index/resource_index/packages/config
[1.088s] -- Installing: /home/doughnut/code/BamthrivingVision_ROS_framework/install/config/share/config/cmake/configConfig.cmake
[1.088s] -- Installing: /home/doughnut/code/BamthrivingVision_ROS_framework/install/config/share/config/cmake/configConfig-version.cmake
[1.088s] -- Installing: /home/doughnut/code/BamthrivingVision_ROS_framework/install/config/share/config/package.xml
[1.133s] Invoked command in '/home/doughnut/code/BamthrivingVision_ROS_framework/build/config' returned '0': CMAKE_PREFIX_PATH=/opt/ros/foxy /usr/local/bin/cmake --install /home/doughnut/code/BamthrivingVision_ROS_framework/build/config
