[0.068s] Invoking command in '/home/doughnut/code/BamthrivingVision_ROS_framework/build/serial': CMAKE_PREFIX_PATH=/opt/ros/foxy /usr/local/bin/cmake /home/doughnut/code/BamthrivingVision_ROS_framework/src/serial -DCMAKE_INSTALL_PREFIX=/home/doughnut/code/BamthrivingVision_ROS_framework/install/serial
[0.205s] -- The C compiler identification is GNU 9.4.0
[0.289s] -- The CXX compiler identification is GNU 9.4.0
[0.325s] -- Detecting C compiler ABI info
[0.448s] -- Detecting C compiler ABI info - done
[0.465s] -- Check for working C compiler: /usr/bin/cc - skipped
[0.466s] -- Detecting C compile features
[0.466s] -- Detecting C compile features - done
[0.478s] -- Detecting CXX compiler ABI info
[0.566s] -- Detecting CXX compiler ABI info - done
[0.581s] -- Check for working CXX compiler: /usr/bin/c++ - skipped
[0.581s] -- Detecting CXX compile features
[0.581s] -- Detecting CXX compile features - done
[0.595s] -- Found ament_cmake: 0.9.12 (/opt/ros/foxy/share/ament_cmake/cmake)
[0.626s] [33mCMake Warning (dev) at /opt/ros/foxy/share/ament_cmake_core/cmake/core/python.cmake:22 (find_package):
[0.626s]   Policy CMP0148 is not set: The FindPythonInterp and FindPythonLibs modules
[0.626s]   are removed.  Run "cmake --help-policy CMP0148" for policy details.  Use
[0.627s]   the cmake_policy command to set the policy and suppress this warning.
[0.627s] 
[0.627s] Call Stack (most recent call first):
[0.627s]   /opt/ros/foxy/share/ament_cmake_core/cmake/core/all.cmake:53 (include)
[0.627s]   /opt/ros/foxy/share/ament_cmake_core/cmake/ament_cmake_core-extras.cmake:17 (include)
[0.627s]   /opt/ros/foxy/share/ament_cmake_core/cmake/ament_cmake_coreConfig.cmake:41 (include)
[0.627s]   /opt/ros/foxy/share/ament_cmake/cmake/ament_cmake_export_dependencies-extras.cmake:15 (find_package)
[0.628s]   /opt/ros/foxy/share/ament_cmake/cmake/ament_cmakeConfig.cmake:41 (include)
[0.628s]   CMakeLists.txt:19 (find_package)
[0.628s] This warning is for project developers.  Use -Wno-dev to suppress it.
[0.628s] [0m
[0.652s] -- Found PythonInterp: /usr/bin/python3 (found suitable version "3.8.10", minimum required is "3") 
[0.652s] -- Using PYTHON_EXECUTABLE: /usr/bin/python3
[0.869s] -- Found ament_lint_auto: 0.9.8 (/opt/ros/foxy/share/ament_lint_auto/cmake)
[0.967s] -- Added test 'copyright' to check source files copyright and LICENSE
[0.968s] -- Added test 'lint_cmake' to check CMake code style
[0.969s] -- Added test 'xmllint' to check XML markup files
[0.970s] -- Configuring done (0.9s)
[0.972s] -- Generating done (0.0s)
[0.973s] -- Build files have been written to: /home/doughnut/code/BamthrivingVision_ROS_framework/build/serial
[0.977s] Invoked command in '/home/doughnut/code/BamthrivingVision_ROS_framework/build/serial' returned '0': CMAKE_PREFIX_PATH=/opt/ros/foxy /usr/local/bin/cmake /home/doughnut/code/BamthrivingVision_ROS_framework/src/serial -DCMAKE_INSTALL_PREFIX=/home/doughnut/code/BamthrivingVision_ROS_framework/install/serial
[0.981s] Invoking command in '/home/doughnut/code/BamthrivingVision_ROS_framework/build/serial': CMAKE_PREFIX_PATH=/opt/ros/foxy /usr/local/bin/cmake --build /home/doughnut/code/BamthrivingVision_ROS_framework/build/serial -- -j16 -l16
[1.006s] Invoked command in '/home/doughnut/code/BamthrivingVision_ROS_framework/build/serial' returned '0': CMAKE_PREFIX_PATH=/opt/ros/foxy /usr/local/bin/cmake --build /home/doughnut/code/BamthrivingVision_ROS_framework/build/serial -- -j16 -l16
[1.035s] Invoking command in '/home/doughnut/code/BamthrivingVision_ROS_framework/build/serial': CMAKE_PREFIX_PATH=/opt/ros/foxy /usr/local/bin/cmake --install /home/doughnut/code/BamthrivingVision_ROS_framework/build/serial
[1.042s] -- Install configuration: ""
[1.042s] -- Installing: /home/doughnut/code/BamthrivingVision_ROS_framework/install/serial/share/ament_index/resource_index/package_run_dependencies/serial
[1.042s] -- Installing: /home/doughnut/code/BamthrivingVision_ROS_framework/install/serial/share/ament_index/resource_index/parent_prefix_path/serial
[1.042s] -- Installing: /home/doughnut/code/BamthrivingVision_ROS_framework/install/serial/share/serial/environment/ament_prefix_path.sh
[1.042s] -- Installing: /home/doughnut/code/BamthrivingVision_ROS_framework/install/serial/share/serial/environment/ament_prefix_path.dsv
[1.042s] -- Installing: /home/doughnut/code/BamthrivingVision_ROS_framework/install/serial/share/serial/environment/path.sh
[1.042s] -- Installing: /home/doughnut/code/BamthrivingVision_ROS_framework/install/serial/share/serial/environment/path.dsv
[1.042s] -- Installing: /home/doughnut/code/BamthrivingVision_ROS_framework/install/serial/share/serial/local_setup.bash
[1.042s] -- Installing: /home/doughnut/code/BamthrivingVision_ROS_framework/install/serial/share/serial/local_setup.sh
[1.042s] -- Installing: /home/doughnut/code/BamthrivingVision_ROS_framework/install/serial/share/serial/local_setup.zsh
[1.043s] -- Installing: /home/doughnut/code/BamthrivingVision_ROS_framework/install/serial/share/serial/local_setup.dsv
[1.043s] -- Installing: /home/doughnut/code/BamthrivingVision_ROS_framework/install/serial/share/serial/package.dsv
[1.043s] -- Installing: /home/doughnut/code/BamthrivingVision_ROS_framework/install/serial/share/ament_index/resource_index/packages/serial
[1.043s] -- Installing: /home/doughnut/code/BamthrivingVision_ROS_framework/install/serial/share/serial/cmake/serialConfig.cmake
[1.043s] -- Installing: /home/doughnut/code/BamthrivingVision_ROS_framework/install/serial/share/serial/cmake/serialConfig-version.cmake
[1.043s] -- Installing: /home/doughnut/code/BamthrivingVision_ROS_framework/install/serial/share/serial/package.xml
[1.048s] Invoked command in '/home/doughnut/code/BamthrivingVision_ROS_framework/build/serial' returned '0': CMAKE_PREFIX_PATH=/opt/ros/foxy /usr/local/bin/cmake --install /home/doughnut/code/BamthrivingVision_ROS_framework/build/serial
