[0.133s] Invoking command in '/home/doughnut/code/BamthrivingVision_ROS_framework/build/camera_driver': CMAKE_PREFIX_PATH=/opt/ros/foxy /usr/local/bin/cmake /home/doughnut/code/BamthrivingVision_ROS_framework/src/camera_driver -DCMAKE_INSTALL_PREFIX=/home/doughnut/code/BamthrivingVision_ROS_framework/install/camera_driver
[0.280s] -- The C compiler identification is GNU 9.4.0
[0.370s] -- The CXX compiler identification is GNU 9.4.0
[0.405s] -- Detecting C compiler ABI info
[0.523s] -- Detecting C compiler ABI info - done
[0.537s] -- Check for working C compiler: /usr/bin/cc - skipped
[0.537s] -- Detecting C compile features
[0.538s] -- Detecting C compile features - done
[0.555s] -- Detecting CXX compiler ABI info
[0.644s] -- Detecting CXX compiler ABI info - done
[0.657s] -- Check for working CXX compiler: /usr/bin/c++ - skipped
[0.658s] -- Detecting CXX compile features
[0.658s] -- Detecting CXX compile features - done
[0.674s] -- Found ament_cmake: 0.9.12 (/opt/ros/foxy/share/ament_cmake/cmake)
[0.706s] [33mCMake Warning (dev) at /opt/ros/foxy/share/ament_cmake_core/cmake/core/python.cmake:22 (find_package):
[0.706s]   Policy CMP0148 is not set: The FindPythonInterp and FindPythonLibs modules
[0.707s]   are removed.  Run "cmake --help-policy CMP0148" for policy details.  Use
[0.707s]   the cmake_policy command to set the policy and suppress this warning.
[0.707s] 
[0.707s] Call Stack (most recent call first):
[0.707s]   /opt/ros/foxy/share/ament_cmake_core/cmake/core/all.cmake:53 (include)
[0.707s]   /opt/ros/foxy/share/ament_cmake_core/cmake/ament_cmake_core-extras.cmake:17 (include)
[0.707s]   /opt/ros/foxy/share/ament_cmake_core/cmake/ament_cmake_coreConfig.cmake:41 (include)
[0.707s]   /opt/ros/foxy/share/ament_cmake/cmake/ament_cmake_export_dependencies-extras.cmake:15 (find_package)
[0.708s]   /opt/ros/foxy/share/ament_cmake/cmake/ament_cmakeConfig.cmake:41 (include)
[0.708s]   CMakeLists.txt:19 (find_package)
[0.708s] This warning is for project developers.  Use -Wno-dev to suppress it.
[0.708s] [0m
[0.730s] -- Found PythonInterp: /usr/bin/python3 (found suitable version "3.8.10", minimum required is "3") 
[0.730s] -- Using PYTHON_EXECUTABLE: /usr/bin/python3
[0.947s] -- Found ament_lint_auto: 0.9.8 (/opt/ros/foxy/share/ament_lint_auto/cmake)
[1.045s] -- Added test 'copyright' to check source files copyright and LICENSE
[1.046s] -- Added test 'cppcheck' to perform static code analysis on C / C++ code
[1.046s] -- Configured cppcheck include dirs: 
[1.046s] -- Configured cppcheck exclude dirs and/or files: 
[1.047s] -- Added test 'cpplint' to check C / C++ code against the Google style
[1.047s] -- Configured cpplint exclude dirs and/or files: 
[1.048s] -- Added test 'lint_cmake' to check CMake code style
[1.049s] -- Added test 'uncrustify' to check C / C++ code style
[1.049s] -- Configured uncrustify additional arguments: 
[1.050s] -- Added test 'xmllint' to check XML markup files
[1.051s] -- Configuring done (0.9s)
[1.054s] -- Generating done (0.0s)
[1.056s] -- Build files have been written to: /home/doughnut/code/BamthrivingVision_ROS_framework/build/camera_driver
[1.068s] Invoked command in '/home/doughnut/code/BamthrivingVision_ROS_framework/build/camera_driver' returned '0': CMAKE_PREFIX_PATH=/opt/ros/foxy /usr/local/bin/cmake /home/doughnut/code/BamthrivingVision_ROS_framework/src/camera_driver -DCMAKE_INSTALL_PREFIX=/home/doughnut/code/BamthrivingVision_ROS_framework/install/camera_driver
[1.070s] Invoking command in '/home/doughnut/code/BamthrivingVision_ROS_framework/build/camera_driver': CMAKE_PREFIX_PATH=/opt/ros/foxy /usr/local/bin/cmake --build /home/doughnut/code/BamthrivingVision_ROS_framework/build/camera_driver -- -j16 -l16
[1.095s] Invoked command in '/home/doughnut/code/BamthrivingVision_ROS_framework/build/camera_driver' returned '0': CMAKE_PREFIX_PATH=/opt/ros/foxy /usr/local/bin/cmake --build /home/doughnut/code/BamthrivingVision_ROS_framework/build/camera_driver -- -j16 -l16
[1.124s] Invoking command in '/home/doughnut/code/BamthrivingVision_ROS_framework/build/camera_driver': CMAKE_PREFIX_PATH=/opt/ros/foxy /usr/local/bin/cmake --install /home/doughnut/code/BamthrivingVision_ROS_framework/build/camera_driver
[1.128s] -- Install configuration: ""
[1.129s] -- Installing: /home/doughnut/code/BamthrivingVision_ROS_framework/install/camera_driver/share/ament_index/resource_index/package_run_dependencies/camera_driver
[1.129s] -- Installing: /home/doughnut/code/BamthrivingVision_ROS_framework/install/camera_driver/share/ament_index/resource_index/parent_prefix_path/camera_driver
[1.129s] -- Installing: /home/doughnut/code/BamthrivingVision_ROS_framework/install/camera_driver/share/camera_driver/environment/ament_prefix_path.sh
[1.129s] -- Installing: /home/doughnut/code/BamthrivingVision_ROS_framework/install/camera_driver/share/camera_driver/environment/ament_prefix_path.dsv
[1.129s] -- Installing: /home/doughnut/code/BamthrivingVision_ROS_framework/install/camera_driver/share/camera_driver/environment/path.sh
[1.129s] -- Installing: /home/doughnut/code/BamthrivingVision_ROS_framework/install/camera_driver/share/camera_driver/environment/path.dsv
[1.129s] -- Installing: /home/doughnut/code/BamthrivingVision_ROS_framework/install/camera_driver/share/camera_driver/local_setup.bash
[1.129s] -- Installing: /home/doughnut/code/BamthrivingVision_ROS_framework/install/camera_driver/share/camera_driver/local_setup.sh
[1.129s] -- Installing: /home/doughnut/code/BamthrivingVision_ROS_framework/install/camera_driver/share/camera_driver/local_setup.zsh
[1.129s] -- Installing: /home/doughnut/code/BamthrivingVision_ROS_framework/install/camera_driver/share/camera_driver/local_setup.dsv
[1.129s] -- Installing: /home/doughnut/code/BamthrivingVision_ROS_framework/install/camera_driver/share/camera_driver/package.dsv
[1.129s] -- Installing: /home/doughnut/code/BamthrivingVision_ROS_framework/install/camera_driver/share/ament_index/resource_index/packages/camera_driver
[1.130s] -- Installing: /home/doughnut/code/BamthrivingVision_ROS_framework/install/camera_driver/share/camera_driver/cmake/camera_driverConfig.cmake
[1.130s] -- Installing: /home/doughnut/code/BamthrivingVision_ROS_framework/install/camera_driver/share/camera_driver/cmake/camera_driverConfig-version.cmake
[1.130s] -- Installing: /home/doughnut/code/BamthrivingVision_ROS_framework/install/camera_driver/share/camera_driver/package.xml
[1.206s] Invoked command in '/home/doughnut/code/BamthrivingVision_ROS_framework/build/camera_driver' returned '0': CMAKE_PREFIX_PATH=/opt/ros/foxy /usr/local/bin/cmake --install /home/doughnut/code/BamthrivingVision_ROS_framework/build/camera_driver
